  Main.cpp
d:\users\matteo\documents\dev\vari\graphic_calc\graphic_calc\expr.h(38): warning C4018: '<': errata corrispondenza tra signed e unsigned
d:\users\matteo\documents\dev\vari\graphic_calc\graphic_calc\olcconsolegameengine.h(211): warning C4244: 'inizializzazione': conversione da 'float' a 'int'. Possibile perdita di dati.
d:\users\matteo\documents\dev\vari\graphic_calc\graphic_calc\olcconsolegameengine.h(212): warning C4244: 'inizializzazione': conversione da 'float' a 'int'. Possibile perdita di dati.
d:\users\matteo\documents\dev\vari\graphic_calc\graphic_calc\olcconsolegameengine.h(221): warning C4244: 'inizializzazione': conversione da 'float' a 'int'. Possibile perdita di dati.
d:\users\matteo\documents\dev\vari\graphic_calc\graphic_calc\olcconsolegameengine.h(222): warning C4244: 'inizializzazione': conversione da 'float' a 'int'. Possibile perdita di dati.
d:\users\matteo\documents\dev\vari\graphic_calc\graphic_calc\main.cpp(725): warning C4018: '<': errata corrispondenza tra signed e unsigned
d:\users\matteo\documents\dev\vari\graphic_calc\graphic_calc\main.cpp(741): warning C4018: '<': errata corrispondenza tra signed e unsigned
d:\users\matteo\documents\dev\vari\graphic_calc\graphic_calc\main.cpp(770): warning C4018: '<': errata corrispondenza tra signed e unsigned
d:\users\matteo\documents\dev\vari\graphic_calc\graphic_calc\main.cpp(844): warning C4018: '<': errata corrispondenza tra signed e unsigned
d:\users\matteo\documents\dev\vari\graphic_calc\graphic_calc\main.cpp(860): warning C4018: '<': errata corrispondenza tra signed e unsigned
d:\users\matteo\documents\dev\vari\graphic_calc\graphic_calc\main.cpp(870): warning C4018: '<': errata corrispondenza tra signed e unsigned
d:\users\matteo\documents\dev\vari\graphic_calc\graphic_calc\main.cpp(873): warning C4018: '<': errata corrispondenza tra signed e unsigned
d:\users\matteo\documents\dev\vari\graphic_calc\graphic_calc\main.cpp(909): warning C4018: '<': errata corrispondenza tra signed e unsigned
d:\users\matteo\documents\dev\vari\graphic_calc\graphic_calc\main.cpp(964): warning C4018: '<': errata corrispondenza tra signed e unsigned
d:\users\matteo\documents\dev\vari\graphic_calc\graphic_calc\main.cpp(1000): warning C4018: '<': errata corrispondenza tra signed e unsigned
d:\users\matteo\documents\dev\vari\graphic_calc\graphic_calc\main.cpp(1034): warning C4018: '<': errata corrispondenza tra signed e unsigned
d:\users\matteo\documents\dev\vari\graphic_calc\graphic_calc\main.cpp(1037): warning C4018: '<': errata corrispondenza tra signed e unsigned
d:\users\matteo\documents\dev\vari\graphic_calc\graphic_calc\main.cpp(1040): warning C4018: '<': errata corrispondenza tra signed e unsigned
d:\users\matteo\documents\dev\vari\graphic_calc\graphic_calc\main.cpp(1043): warning C4018: '<': errata corrispondenza tra signed e unsigned
d:\users\matteo\documents\dev\vari\graphic_calc\graphic_calc\main.cpp(1056): warning C4018: '<': errata corrispondenza tra signed e unsigned
d:\users\matteo\documents\dev\vari\graphic_calc\graphic_calc\main.cpp(1078): warning C4244: 'argomento': conversione da 'double' a 'int'. Possibile perdita di dati.
d:\users\matteo\documents\dev\vari\graphic_calc\graphic_calc\main.cpp(1101): warning C4018: '<': errata corrispondenza tra signed e unsigned
d:\users\matteo\documents\dev\vari\graphic_calc\graphic_calc\main.cpp(1122): warning C4018: '>=': errata corrispondenza tra signed e unsigned
d:\users\matteo\documents\dev\vari\graphic_calc\graphic_calc\main.cpp(1146): warning C4244: 'argomento': conversione da 'time_t' a 'unsigned int'. Possibile perdita di dati.
d:\users\matteo\documents\dev\vari\graphic_calc\graphic_calc\main.cpp(1416): warning C4244: '=': conversione da 'double' a 'int'. Possibile perdita di dati.
d:\users\matteo\documents\dev\vari\graphic_calc\graphic_calc\main.cpp(1417): warning C4244: '=': conversione da 'double' a 'int'. Possibile perdita di dati.
  Generazione codice in corso...
  1 of 2287 functions (<0.1%) were compiled, the rest were copied from previous compilation.
    0 functions were new in current compilation
    3 functions had inline decision re-evaluated but remain unchanged
  Generazione codice terminata
  Graphic_Calc.vcxproj -> D:\Users\Matteo\Documents\Dev\Vari\Graphic_Calc\Release\Graphic_Calc.exe
